<?xml version="1.0" encoding="UTF-8"?>
<!-- Generated by org.testng.reporters.JUnitReportReporter -->
<testsuite hostname="DESKTOP-D6DO249" failures="0" tests="4" name="dataDrivenTesting.DataDrivenTestHFromExcel2" time="0.949" errors="0" timestamp="2022-06-27T14:00:12 EDT" skipped="0">
  <testcase classname="dataDrivenTesting.DataDrivenTestHFromExcel2" name="loginTest" time="0.110"/>
  <system-out/>
  <testcase classname="dataDrivenTesting.DataDrivenTestHFromExcel2" name="loginTest" time="0.092"/>
  <system-out/>
  <testcase classname="dataDrivenTesting.DataDrivenTestHFromExcel2" name="loginTest" time="0.631"/>
  <system-out/>
  <testcase classname="dataDrivenTesting.DataDrivenTestHFromExcel2" name="loginTest" time="0.116"/>
  <system-out/>
</testsuite> <!-- dataDrivenTesting.DataDrivenTestHFromExcel2 -->
