<?xml version="1.0" encoding="UTF-8"?>
<!-- Generated by org.testng.reporters.JUnitReportReporter -->
<testsuite hostname="DESKTOP-D6DO249" failures="0" tests="4" name="dataDrivenTesting.DataDrivenTest" time="0.016" errors="0" timestamp="2022-06-27T12:07:32 EDT" skipped="0">
  <testcase classname="dataDrivenTesting.DataDrivenTest" name="loginTest" time="0.002"/>
  <system-out/>
  <testcase classname="dataDrivenTesting.DataDrivenTest" name="loginTest" time="0.002"/>
  <system-out/>
  <testcase classname="dataDrivenTesting.DataDrivenTest" name="loginTest" time="0.002"/>
  <system-out/>
  <testcase classname="dataDrivenTesting.DataDrivenTest" name="loginTest" time="0.010"/>
  <system-out/>
</testsuite> <!-- dataDrivenTesting.DataDrivenTest -->
