<?xml version="1.0" encoding="UTF-8"?>
<!-- Generated by org.testng.reporters.JUnitReportReporter -->
<testsuite hostname="DESKTOP-D6DO249" failures="0" tests="4" name="dataDrivenTesting.DataDrivenTestHFromExcel" time="6.053" errors="0" timestamp="2022-06-27T14:25:43 EDT" skipped="0">
  <testcase classname="dataDrivenTesting.DataDrivenTestHFromExcel" name="loginTest" time="1.037"/>
  <system-out/>
  <testcase classname="dataDrivenTesting.DataDrivenTestHFromExcel" name="loginTest" time="0.987"/>
  <system-out/>
  <testcase classname="dataDrivenTesting.DataDrivenTestHFromExcel" name="loginTest" time="1.052"/>
  <system-out/>
  <testcase classname="dataDrivenTesting.DataDrivenTestHFromExcel" name="loginTest" time="2.977"/>
  <system-out/>
</testsuite> <!-- dataDrivenTesting.DataDrivenTestHFromExcel -->
