<?xml version="1.0" encoding="UTF-8"?>
<!-- Generated by org.testng.reporters.JUnitReportReporter -->
<testsuite hostname="DESKTOP-D6DO249" failures="0" tests="4" name="dataDrivenTesting.DataDrivenTest$DataDrivenTestHFromExcel" time="6.511" errors="0" timestamp="2022-06-27T14:11:55 EDT" skipped="0">
  <testcase classname="dataDrivenTesting.DataDrivenTest$DataDrivenTestHFromExcel" name="loginTest" time="1.457"/>
  <system-out/>
  <testcase classname="dataDrivenTesting.DataDrivenTest$DataDrivenTestHFromExcel" name="loginTest" time="1.002"/>
  <system-out/>
  <testcase classname="dataDrivenTesting.DataDrivenTest$DataDrivenTestHFromExcel" name="loginTest" time="1.011"/>
  <system-out/>
  <testcase classname="dataDrivenTesting.DataDrivenTest$DataDrivenTestHFromExcel" name="loginTest" time="3.041"/>
  <system-out/>
</testsuite> <!-- dataDrivenTesting.DataDrivenTest$DataDrivenTestHFromExcel -->
