<?xml version="1.0" encoding="UTF-8"?>
<!-- Generated by org.testng.reporters.JUnitReportReporter -->
<testsuite hostname="DESKTOP-D6DO249" failures="0" tests="4" name="dataDrivenTesting.DataDrivenTestHardCoded2" time="7.538" errors="0" timestamp="2022-06-27T12:41:53 EDT" skipped="0">
  <testcase classname="dataDrivenTesting.DataDrivenTestHardCoded2" name="loginTest" time="0.990"/>
  <system-out/>
  <testcase classname="dataDrivenTesting.DataDrivenTestHardCoded2" name="loginTest" time="4.080"/>
  <system-out/>
  <testcase classname="dataDrivenTesting.DataDrivenTestHardCoded2" name="loginTest" time="1.034"/>
  <system-out/>
  <testcase classname="dataDrivenTesting.DataDrivenTestHardCoded2" name="loginTest" time="1.434"/>
  <system-out/>
</testsuite> <!-- dataDrivenTesting.DataDrivenTestHardCoded2 -->
